<?xml version="1.0" encoding="UTF-8"?>
<testng-results skipped="0" failed="0" total="1" passed="1">
  <reporter-output>
  </reporter-output>
  <suite name="Default suite" duration-ms="128501" started-at="2016-07-25T21:48:20Z" finished-at="2016-07-25T21:50:28Z">
    <groups>
    </groups>
    <test name="Default test" duration-ms="128501" started-at="2016-07-25T21:48:20Z" finished-at="2016-07-25T21:50:28Z">
      <class name="generatedTests.test_20160725234158">
        <test-method status="PASS" signature="generatedTest1()[pri:0, instance:generatedTests.test_20160725234158@6500df86]" name="generatedTest1" duration-ms="128474" started-at="2016-07-25T23:48:20Z" finished-at="2016-07-25T23:50:28Z">
          <reporter-output>
          </reporter-output>
        </test-method> <!-- generatedTest1 -->
      </class> <!-- generatedTests.test_20160725234158 -->
    </test> <!-- Default test -->
  </suite> <!-- Default suite -->
</testng-results>
